<?xml version="1.0" encoding="UTF-8"?>
<!-- Generated by org.testng.reporters.JUnitReportReporter -->
<testsuite skipped="3" hostname="LAPTOP-2P2P5LU3" name="com.wbl.Test.HomePageTest" tests="4" failures="0" timestamp="19 Jul 2020 06:37:50 GMT" time="0.000" errors="1">
  <testcase name="socialLinkCount" time="0.000" classname="com.wbl.Test.HomePageTest">
    <skipped/>
  </testcase> <!-- socialLinkCount -->
  <testcase name="beforeClass" time="0.000" classname="com.wbl.Test.HomePageTest">
    <error type="java.lang.Error" message="Unresolved compilation problem: 
	Syntax error on tokens, delete these tokens
">
      <![CDATA[java.lang.Error: Unresolved compilation problem: 
Syntax error on tokens, delete these tokens

at com.wbl.Base.BasePage.<init>(BasePage.java:1)
at com.wbl.Pages.HomePage.<init>(HomePage.java:27)
at com.wbl.Test.HomePageTest.beforeClass(HomePageTest.java:23)
at sun.reflect.NativeMethodAccessorImpl.invoke0(Native Method)
at sun.reflect.NativeMethodAccessorImpl.invoke(NativeMethodAccessorImpl.java:62)
at sun.reflect.DelegatingMethodAccessorImpl.invoke(DelegatingMethodAccessorImpl.java:43)
at java.lang.reflect.Method.invoke(Method.java:498)
at org.testng.internal.MethodInvocationHelper.invokeMethod(MethodInvocationHelper.java:124)
at org.testng.internal.MethodInvocationHelper.invokeMethodConsideringTimeout(MethodInvocationHelper.java:59)
at org.testng.internal.Invoker.invokeConfigurationMethod(Invoker.java:455)
at org.testng.internal.Invoker.invokeConfigurations(Invoker.java:222)
at org.testng.internal.Invoker.invokeConfigurations(Invoker.java:142)
at org.testng.internal.TestMethodWorker.invokeBeforeClassMethods(TestMethodWorker.java:168)
at org.testng.internal.TestMethodWorker.run(TestMethodWorker.java:105)
at org.testng.TestRunner.privateRun(TestRunner.java:648)
at org.testng.TestRunner.run(TestRunner.java:505)
at org.testng.SuiteRunner.runTest(SuiteRunner.java:455)
at org.testng.SuiteRunner.runSequentially(SuiteRunner.java:450)
at org.testng.SuiteRunner.privateRun(SuiteRunner.java:415)
at org.testng.SuiteRunner.run(SuiteRunner.java:364)
at org.testng.SuiteRunnerWorker.runSuite(SuiteRunnerWorker.java:52)
at org.testng.SuiteRunnerWorker.run(SuiteRunnerWorker.java:84)
at org.testng.TestNG.runSuitesSequentially(TestNG.java:1208)
at org.testng.TestNG.runSuitesLocally(TestNG.java:1137)
at org.testng.TestNG.runSuites(TestNG.java:1049)
at org.testng.TestNG.run(TestNG.java:1017)
at org.testng.remote.AbstractRemoteTestNG.run(AbstractRemoteTestNG.java:114)
at org.testng.remote.RemoteTestNG.initAndRun(RemoteTestNG.java:251)
at org.testng.remote.RemoteTestNG.main(RemoteTestNG.java:77)
]]>
    </error>
  </testcase> <!-- beforeClass -->
  <testcase name="slideTest" time="0.000" classname="com.wbl.Test.HomePageTest">
    <skipped/>
  </testcase> <!-- slideTest -->
  <testcase name="slideCountTest" time="0.000" classname="com.wbl.Test.HomePageTest">
    <skipped/>
  </testcase> <!-- slideCountTest -->
</testsuite> <!-- com.wbl.Test.HomePageTest -->
