<?xml version="1.0" encoding="UTF-8"?>
<!-- Generated by org.testng.reporters.JUnitReportReporter -->
<testsuite skipped="0" hostname="LAPTOP-2P2P5LU3" name="com.wbl.Test.Extent2" tests="1" failures="0" timestamp="24 May 2020 01:21:17 GMT" time="0.013" errors="0">
  <testcase name="testing" time="0.013" classname="com.wbl.Test.Extent2"/>
</testsuite> <!-- com.wbl.Test.Extent2 -->
